<?xml version="1.0" encoding="UTF-8"?>
<testng-results ignored="0" total="1" passed="1" failed="0" skipped="0">
  <reporter-output>
  </reporter-output>
  <suite started-at="2021-01-04T10:12:06Z" name="BDD Test Suite" finished-at="2021-01-04T10:12:12Z" duration-ms="5836">
    <groups>
      <group name="cucumber">
        <method signature="TestRunner.feature(cucumber.api.testng.CucumberFeatureWrapper)[pri:0, instance:MyRunner.TestRunner@2cd76f31]" name="feature" class="MyRunner.TestRunner"/>
      </group> <!-- cucumber -->
    </groups>
    <test started-at="2021-01-04T10:12:06Z" name="Contido cucumber" finished-at="2021-01-04T10:12:12Z" duration-ms="5836">
      <class name="MyRunner.TestRunner">
        <test-method is-config="true" signature="setUpClass()[pri:0, instance:MyRunner.TestRunner@2cd76f31]" started-at="2021-01-04T10:12:06Z" name="setUpClass" finished-at="2021-01-04T10:12:06Z" duration-ms="142" status="PASS">
          <reporter-output>
          </reporter-output>
        </test-method> <!-- setUpClass -->
        <test-method signature="feature(cucumber.api.testng.CucumberFeatureWrapper)[pri:0, instance:MyRunner.TestRunner@2cd76f31]" started-at="2021-01-04T10:12:06Z" name="feature" description="Runs Cucumber Feature" data-provider="features" finished-at="2021-01-04T10:12:12Z" duration-ms="5612" status="PASS">
          <params>
            <param index="0">
              <value>
                <![CDATA[Verifying Login page functionality]]>
              </value>
            </param>
          </params>
          <reporter-output>
          </reporter-output>
        </test-method> <!-- feature -->
        <test-method is-config="true" signature="tearDownClass()[pri:0, instance:MyRunner.TestRunner@2cd76f31]" started-at="2021-01-04T10:12:12Z" name="tearDownClass" finished-at="2021-01-04T10:12:12Z" duration-ms="11" status="PASS">
          <reporter-output>
          </reporter-output>
        </test-method> <!-- tearDownClass -->
      </class> <!-- MyRunner.TestRunner -->
    </test> <!-- Contido cucumber -->
  </suite> <!-- BDD Test Suite -->
</testng-results>
